00:12:17.163 DEBUG SimpleChannelHandler - Opened connection from /[0:0:0:0:0:0:0:1]:49880
00:12:17.228 DEBUG SimpleChannelHandler - IN /[0:0:0:0:0:0:0:1]:49880: {"type":"LOGIN","payload":{"token":"Df8w2skZkrS0sWH2rI57TQ7WfGjNynqG"},"callback":"fe8b892c-86b5-4255-9404-8ea9acfdc6d0"}
00:12:17.228 DEBUG SimpleChannelHandler - OUT /[0:0:0:0:0:0:0:1]:49880: {"type":"LOGIN","payload":{"id":"df7c1f9d-7989-42b4-877a-c1558d11ceac","name":"Joris"},"callback":"fe8b892c-86b5-4255-9404-8ea9acfdc6d0"}
00:12:17.735 DEBUG SimpleChannelHandler - IN /[0:0:0:0:0:0:0:1]:61445: {"type":"LOGIN","payload":{"token":"ABa5QxkWuMcmztwidK2eDtUTwFoZnVno"},"callback":"826eab82-9f4a-453d-b789-baab94381d3c"}
00:12:17.824 DEBUG SimpleChannelHandler - IN /[0:0:0:0:0:0:0:1]:61451: {"type":"LOGIN","payload":{"token":"oKlH0CJGNZaJqOOswpj2JL3ncCwhIkbl"},"callback":"9434b033-2345-4d47-9f71-fef47c5ca2fb"}
00:15:36.896 INFO  NettyServer - Netty server listening on: 0.0.0.0:8080
00:15:36.979 DEBUG SimpleChannelHandler - Opened connection from /127.0.0.1:49988
00:15:36.979 DEBUG SimpleChannelHandler - Opened connection from /[0:0:0:0:0:0:0:1]:49985
00:15:37.041 DEBUG SimpleChannelHandler - Opened connection from /[0:0:0:0:0:0:0:1]:49990
00:15:37.042 DEBUG SimpleChannelHandler - Opened connection from /127.0.0.1:49989
00:15:37.046 DEBUG SimpleChannelHandler - Closed connection from /[0:0:0:0:0:0:0:1]:49990
00:15:37.052 DEBUG SimpleChannelHandler - Opened connection from /[0:0:0:0:0:0:0:1]:49991
00:15:37.063 DEBUG SimpleChannelHandler - Opened connection from /127.0.0.1:49992
00:15:37.076 DEBUG SimpleChannelHandler - Opened connection from /[0:0:0:0:0:0:0:1]:49993
00:15:37.084 DEBUG SimpleChannelHandler - Opened connection from /127.0.0.1:49994
00:15:37.095 DEBUG SimpleChannelHandler - Opened connection from /[0:0:0:0:0:0:0:1]:49995
00:15:37.101 DEBUG SimpleChannelHandler - Opened connection from /127.0.0.1:49996
00:15:37.107 DEBUG SimpleChannelHandler - Opened connection from /[0:0:0:0:0:0:0:1]:49997
00:15:38.863 DEBUG SimpleChannelHandler - Closed connection from /[0:0:0:0:0:0:0:1]:49997
00:15:38.863 DEBUG SimpleChannelHandler - Closed connection from /[0:0:0:0:0:0:0:1]:49991
00:15:38.864 DEBUG SimpleChannelHandler - Closed connection from /[0:0:0:0:0:0:0:1]:49985
00:15:38.863 DEBUG SimpleChannelHandler - Closed connection from /127.0.0.1:49988
00:15:38.864 DEBUG SimpleChannelHandler - Closed connection from /127.0.0.1:49989
00:15:39.483 DEBUG SimpleChannelHandler - Opened connection from /[0:0:0:0:0:0:0:1]:50068
00:15:39.517 DEBUG SimpleChannelHandler - IN /[0:0:0:0:0:0:0:1]:50068: {"type":"LOGIN","payload":{"token":"Df8w2skZkrS0sWH2rI57TQ7WfGjNynqG"},"callback":"b25f53b9-96a8-4d2a-aac0-8027ef89875d"}
00:15:39.545 DEBUG SimpleChannelHandler - OUT /[0:0:0:0:0:0:0:1]:50068: {"type":"LOGIN","payload":{"error":"Login failed."},"callback":"b25f53b9-96a8-4d2a-aac0-8027ef89875d"}
00:15:39.640 DEBUG SimpleChannelHandler - IN /[0:0:0:0:0:0:0:1]:50068: {"type":"PARTY_INFO","payload":{"party":"AJXQ8O5"},"callback":"e8cd3776-647f-48aa-a83d-6ac2144fd7b3"}
00:15:39.641 DEBUG SimpleChannelHandler - OUT /[0:0:0:0:0:0:0:1]:50068: {"type":"PARTY_INFO","payload":{"error":"Party does not exist."},"callback":"e8cd3776-647f-48aa-a83d-6ac2144fd7b3"}
00:15:41.150 DEBUG SimpleChannelHandler - IN /[0:0:0:0:0:0:0:1]:50068: {"type":"REGISTER","payload":{"name":"a"},"callback":"4f3951fa-cdba-4295-9184-05d2da410df8"}
00:15:41.155 DEBUG SimpleChannelHandler - OUT /[0:0:0:0:0:0:0:1]:50068: {"type":"REGISTER","payload":{"id":"0e6b18f3-d50f-42e9-a3fd-689e210028a5","name":"a","token":"AAlfGylp4jIqZytTlKmJCk0Vku3rwjNw"},"callback":"4f3951fa-cdba-4295-9184-05d2da410df8"}
00:15:42.012 DEBUG SimpleChannelHandler - IN /[0:0:0:0:0:0:0:1]:50068: {"type":"PARTY_CREATE","callback":"c70735c4-0427-4143-a58b-b4d4e2d3a334"}
00:15:42.018 DEBUG SimpleChannelHandler - OUT /[0:0:0:0:0:0:0:1]:50068: {"type":"PARTY_CREATE","payload":{"id":"AHTIJEU","settings":{"visible":true,"player_limit":10,"score_limit":5,"timer_duration_multiplier":1},"players":[{"id":"0e6b18f3-d50f-42e9-a3fd-689e210028a5","name":"a"}]},"callback":"c70735c4-0427-4143-a58b-b4d4e2d3a334"}
00:15:43.125 DEBUG SimpleChannelHandler - IN /[0:0:0:0:0:0:0:1]:50068: {"type":"PARTY_CHANGE_SETTINGS","payload":{"visible":true,"player_limit":10,"score_limit":5,"timer_duration_multiplier":1}}
00:15:43.131 DEBUG SimpleChannelHandler - OUT /[0:0:0:0:0:0:0:1]:50068: {"type":"PARTY_UPDATE_SETTINGS","payload":{"visible":true,"player_limit":10,"score_limit":5,"timer_duration_multiplier":1}}
00:15:45.165 DEBUG SimpleChannelHandler - Closed connection from /[0:0:0:0:0:0:0:1]:49993
00:15:45.166 DEBUG SimpleChannelHandler - Closed connection from /127.0.0.1:49996
00:15:45.166 DEBUG SimpleChannelHandler - Closed connection from /127.0.0.1:49994
00:15:45.166 DEBUG SimpleChannelHandler - Closed connection from /[0:0:0:0:0:0:0:1]:49995
00:15:45.561 DEBUG SimpleChannelHandler - Opened connection from /[0:0:0:0:0:0:0:1]:50085
00:15:45.624 DEBUG SimpleChannelHandler - IN /[0:0:0:0:0:0:0:1]:50085: {"type":"LOGIN","payload":{"token":"ABa5QxkWuMcmztwidK2eDtUTwFoZnVno"},"callback":"40f90e15-7994-4916-81a0-551529a2df50"}
00:15:45.625 DEBUG SimpleChannelHandler - OUT /[0:0:0:0:0:0:0:1]:50085: {"type":"LOGIN","payload":{"error":"Login failed."},"callback":"40f90e15-7994-4916-81a0-551529a2df50"}
00:15:45.722 DEBUG SimpleChannelHandler - IN /[0:0:0:0:0:0:0:1]:50085: {"type":"PARTY_INFO","payload":{"party":"AHTIJEU"},"callback":"a6e7d7a3-8568-422c-b447-a477cacc887c"}
00:15:45.723 DEBUG SimpleChannelHandler - OUT /[0:0:0:0:0:0:0:1]:50085: {"type":"PARTY_INFO","payload":{"id":"AHTIJEU","settings":{"visible":true,"player_limit":10,"score_limit":5,"timer_duration_multiplier":1},"players":[{"id":"0e6b18f3-d50f-42e9-a3fd-689e210028a5","name":"a"}]},"callback":"a6e7d7a3-8568-422c-b447-a477cacc887c"}
00:15:46.262 DEBUG SimpleChannelHandler - IN /[0:0:0:0:0:0:0:1]:50085: {"type":"REGISTER","payload":{"name":"b"},"callback":"22cffdf8-b795-4a44-867c-67eeaf77600c"}
00:15:46.262 DEBUG SimpleChannelHandler - OUT /[0:0:0:0:0:0:0:1]:50085: {"type":"REGISTER","payload":{"id":"2c0b39fe-80e5-4a88-84fe-e099999d92b9","name":"b","token":"5vPaqLeKx33XcRosSFiDXOt1PUmwpyCh"},"callback":"22cffdf8-b795-4a44-867c-67eeaf77600c"}
00:15:46.270 DEBUG SimpleChannelHandler - IN /[0:0:0:0:0:0:0:1]:50085: {"type":"PARTY_JOIN","payload":{"party":"AHTIJEU"},"callback":"68c902a9-5c9f-49e7-bc90-49b8093a65e2"}
00:15:46.271 DEBUG SimpleChannelHandler - OUT /[0:0:0:0:0:0:0:1]:50085: {"type":"PARTY_JOIN","payload":{"id":"AHTIJEU","settings":{"visible":true,"player_limit":10,"score_limit":5,"timer_duration_multiplier":1},"players":[{"id":"0e6b18f3-d50f-42e9-a3fd-689e210028a5","name":"a"},{"id":"2c0b39fe-80e5-4a88-84fe-e099999d92b9","name":"b"}]},"callback":"68c902a9-5c9f-49e7-bc90-49b8093a65e2"}
00:15:46.272 DEBUG SimpleChannelHandler - OUT /[0:0:0:0:0:0:0:1]:50068: {"type":"PARTY_UPDATE","payload":{"id":"AHTIJEU","settings":{"visible":true,"player_limit":10,"score_limit":5,"timer_duration_multiplier":1},"players":[{"id":"0e6b18f3-d50f-42e9-a3fd-689e210028a5","name":"a"},{"id":"2c0b39fe-80e5-4a88-84fe-e099999d92b9","name":"b"}]}}
00:15:46.274 DEBUG SimpleChannelHandler - OUT /[0:0:0:0:0:0:0:1]:50085: {"type":"PARTY_UPDATE","payload":{"id":"AHTIJEU","settings":{"visible":true,"player_limit":10,"score_limit":5,"timer_duration_multiplier":1},"players":[{"id":"0e6b18f3-d50f-42e9-a3fd-689e210028a5","name":"a"},{"id":"2c0b39fe-80e5-4a88-84fe-e099999d92b9","name":"b"}]}}
00:15:47.380 DEBUG SimpleChannelHandler - IN /[0:0:0:0:0:0:0:1]:50068: {"type":"PARTY_CHANGE_SETTINGS","payload":{"visible":true,"player_limit":10,"score_limit":5,"timer_duration_multiplier":1}}
00:15:47.381 DEBUG SimpleChannelHandler - OUT /[0:0:0:0:0:0:0:1]:50068: {"type":"PARTY_UPDATE_SETTINGS","payload":{"visible":true,"player_limit":10,"score_limit":5,"timer_duration_multiplier":1}}
00:15:47.382 DEBUG SimpleChannelHandler - OUT /[0:0:0:0:0:0:0:1]:50085: {"type":"PARTY_UPDATE_SETTINGS","payload":{"visible":true,"player_limit":10,"score_limit":5,"timer_duration_multiplier":1}}
00:15:49.715 DEBUG SimpleChannelHandler - Closed connection from /127.0.0.1:49992
00:15:50.100 DEBUG SimpleChannelHandler - Opened connection from /[0:0:0:0:0:0:0:1]:50090
00:15:50.137 DEBUG SimpleChannelHandler - IN /[0:0:0:0:0:0:0:1]:50090: {"type":"LOGIN","payload":{"token":"oKlH0CJGNZaJqOOswpj2JL3ncCwhIkbl"},"callback":"1c917044-7f92-4aca-902c-a2adf54c7caf"}
00:15:50.137 DEBUG SimpleChannelHandler - OUT /[0:0:0:0:0:0:0:1]:50090: {"type":"LOGIN","payload":{"error":"Login failed."},"callback":"1c917044-7f92-4aca-902c-a2adf54c7caf"}
00:15:50.253 DEBUG SimpleChannelHandler - IN /[0:0:0:0:0:0:0:1]:50090: {"type":"PARTY_INFO","payload":{"party":"AHTIJEU"},"callback":"f22e3408-b3c7-48d2-b9f1-63b217cf4b21"}
00:15:50.254 DEBUG SimpleChannelHandler - OUT /[0:0:0:0:0:0:0:1]:50090: {"type":"PARTY_INFO","payload":{"id":"AHTIJEU","settings":{"visible":true,"player_limit":10,"score_limit":5,"timer_duration_multiplier":1},"players":[{"id":"0e6b18f3-d50f-42e9-a3fd-689e210028a5","name":"a"},{"id":"2c0b39fe-80e5-4a88-84fe-e099999d92b9","name":"b"}]},"callback":"f22e3408-b3c7-48d2-b9f1-63b217cf4b21"}
00:15:51.379 DEBUG SimpleChannelHandler - IN /[0:0:0:0:0:0:0:1]:50090: {"type":"REGISTER","payload":{"name":"c"},"callback":"b714fb7b-6eb4-4f50-9828-251373b02f51"}
00:15:51.380 DEBUG SimpleChannelHandler - OUT /[0:0:0:0:0:0:0:1]:50090: {"type":"REGISTER","payload":{"id":"fe40c633-be12-4c41-8ecd-60a6da7b9df3","name":"c","token":"0dT7yhxEnDOlY1NyXBu3lOvOpg4aJpQq"},"callback":"b714fb7b-6eb4-4f50-9828-251373b02f51"}
00:15:51.387 DEBUG SimpleChannelHandler - IN /[0:0:0:0:0:0:0:1]:50090: {"type":"PARTY_JOIN","payload":{"party":"AHTIJEU"},"callback":"b59d94ab-29cb-44f5-93b4-23b8ecc140f3"}
00:15:51.388 DEBUG SimpleChannelHandler - OUT /[0:0:0:0:0:0:0:1]:50090: {"type":"PARTY_JOIN","payload":{"id":"AHTIJEU","settings":{"visible":true,"player_limit":10,"score_limit":5,"timer_duration_multiplier":1},"players":[{"id":"0e6b18f3-d50f-42e9-a3fd-689e210028a5","name":"a"},{"id":"2c0b39fe-80e5-4a88-84fe-e099999d92b9","name":"b"},{"id":"fe40c633-be12-4c41-8ecd-60a6da7b9df3","name":"c"}]},"callback":"b59d94ab-29cb-44f5-93b4-23b8ecc140f3"}
00:15:51.388 DEBUG SimpleChannelHandler - OUT /[0:0:0:0:0:0:0:1]:50068: {"type":"PARTY_UPDATE","payload":{"id":"AHTIJEU","settings":{"visible":true,"player_limit":10,"score_limit":5,"timer_duration_multiplier":1},"players":[{"id":"0e6b18f3-d50f-42e9-a3fd-689e210028a5","name":"a"},{"id":"2c0b39fe-80e5-4a88-84fe-e099999d92b9","name":"b"},{"id":"fe40c633-be12-4c41-8ecd-60a6da7b9df3","name":"c"}]}}
00:15:51.389 DEBUG SimpleChannelHandler - OUT /[0:0:0:0:0:0:0:1]:50085: {"type":"PARTY_UPDATE","payload":{"id":"AHTIJEU","settings":{"visible":true,"player_limit":10,"score_limit":5,"timer_duration_multiplier":1},"players":[{"id":"0e6b18f3-d50f-42e9-a3fd-689e210028a5","name":"a"},{"id":"2c0b39fe-80e5-4a88-84fe-e099999d92b9","name":"b"},{"id":"fe40c633-be12-4c41-8ecd-60a6da7b9df3","name":"c"}]}}
00:15:51.389 DEBUG SimpleChannelHandler - OUT /[0:0:0:0:0:0:0:1]:50090: {"type":"PARTY_UPDATE","payload":{"id":"AHTIJEU","settings":{"visible":true,"player_limit":10,"score_limit":5,"timer_duration_multiplier":1},"players":[{"id":"0e6b18f3-d50f-42e9-a3fd-689e210028a5","name":"a"},{"id":"2c0b39fe-80e5-4a88-84fe-e099999d92b9","name":"b"},{"id":"fe40c633-be12-4c41-8ecd-60a6da7b9df3","name":"c"}]}}
00:15:52.708 DEBUG SimpleChannelHandler - IN /[0:0:0:0:0:0:0:1]:50068: {"type":"PARTY_CHANGE_SETTINGS","payload":{"visible":true,"player_limit":10,"score_limit":5,"timer_duration_multiplier":1}}
00:15:52.709 DEBUG SimpleChannelHandler - OUT /[0:0:0:0:0:0:0:1]:50068: {"type":"PARTY_UPDATE_SETTINGS","payload":{"visible":true,"player_limit":10,"score_limit":5,"timer_duration_multiplier":1}}
00:15:52.709 DEBUG SimpleChannelHandler - OUT /[0:0:0:0:0:0:0:1]:50085: {"type":"PARTY_UPDATE_SETTINGS","payload":{"visible":true,"player_limit":10,"score_limit":5,"timer_duration_multiplier":1}}
00:15:52.709 DEBUG SimpleChannelHandler - OUT /[0:0:0:0:0:0:0:1]:50090: {"type":"PARTY_UPDATE_SETTINGS","payload":{"visible":true,"player_limit":10,"score_limit":5,"timer_duration_multiplier":1}}
00:15:53.616 DEBUG SimpleChannelHandler - IN /[0:0:0:0:0:0:0:1]:50068: {"type":"PARTY_START_GAME"}
00:16:47.916 INFO  NettyServer - Netty server listening on: 0.0.0.0:8080
00:16:48.042 DEBUG SimpleChannelHandler - Opened connection from /127.0.0.1:50123
00:16:48.100 DEBUG SimpleChannelHandler - Opened connection from /127.0.0.1:50129
00:16:48.112 DEBUG SimpleChannelHandler - Opened connection from /[0:0:0:0:0:0:0:1]:50130
00:16:55.558 DEBUG SimpleChannelHandler - Closed connection from /127.0.0.1:50123
00:16:56.170 DEBUG SimpleChannelHandler - Opened connection from /[0:0:0:0:0:0:0:1]:50144
00:16:56.210 DEBUG SimpleChannelHandler - IN /[0:0:0:0:0:0:0:1]:50144: {"type":"LOGIN","payload":{"token":"AAlfGylp4jIqZytTlKmJCk0Vku3rwjNw"},"callback":"d4d8a8a7-0627-4d0b-b528-0a6ca9213e46"}
00:16:56.239 DEBUG SimpleChannelHandler - OUT /[0:0:0:0:0:0:0:1]:50144: {"type":"LOGIN","payload":{"error":"Login failed."},"callback":"d4d8a8a7-0627-4d0b-b528-0a6ca9213e46"}
00:16:56.374 DEBUG SimpleChannelHandler - IN /[0:0:0:0:0:0:0:1]:50144: {"type":"PARTY_INFO","payload":{"party":"AHTIJEU"},"callback":"b002482c-1c90-4def-9d9c-3263ef4383d0"}
00:16:56.375 DEBUG SimpleChannelHandler - OUT /[0:0:0:0:0:0:0:1]:50144: {"type":"PARTY_INFO","payload":{"error":"Party does not exist."},"callback":"b002482c-1c90-4def-9d9c-3263ef4383d0"}
00:16:58.025 DEBUG SimpleChannelHandler - IN /[0:0:0:0:0:0:0:1]:50144: {"type":"REGISTER","payload":{"name":"a"},"callback":"1350ac1b-3b95-444e-b8f5-554f68151297"}
00:16:58.029 DEBUG SimpleChannelHandler - OUT /[0:0:0:0:0:0:0:1]:50144: {"type":"REGISTER","payload":{"id":"1c502cdc-9848-425a-a7a6-80aafdd9b315","name":"a","token":"gMBbIYEWZSNrcKL08jfZyZVpAkbJ0YQn"},"callback":"1350ac1b-3b95-444e-b8f5-554f68151297"}
00:16:58.840 DEBUG SimpleChannelHandler - IN /[0:0:0:0:0:0:0:1]:50144: {"type":"PARTY_CREATE","callback":"46b3576f-ee55-48d4-818b-b258e33b0f92"}
00:16:58.847 DEBUG SimpleChannelHandler - OUT /[0:0:0:0:0:0:0:1]:50144: {"type":"PARTY_CREATE","payload":{"id":"ADPUFAX","settings":{"visible":true,"player_limit":10,"score_limit":5,"timer_duration_multiplier":1},"players":[{"id":"1c502cdc-9848-425a-a7a6-80aafdd9b315","name":"a"}]},"callback":"46b3576f-ee55-48d4-818b-b258e33b0f92"}
00:16:59.968 DEBUG SimpleChannelHandler - IN /[0:0:0:0:0:0:0:1]:50144: {"type":"PARTY_CHANGE_SETTINGS","payload":{"visible":true,"player_limit":10,"score_limit":5,"timer_duration_multiplier":1}}
00:16:59.974 DEBUG SimpleChannelHandler - OUT /[0:0:0:0:0:0:0:1]:50144: {"type":"PARTY_UPDATE_SETTINGS","payload":{"visible":true,"player_limit":10,"score_limit":5,"timer_duration_multiplier":1}}
00:17:01.804 DEBUG SimpleChannelHandler - Closed connection from /127.0.0.1:50129
00:17:02.257 DEBUG SimpleChannelHandler - Opened connection from /[0:0:0:0:0:0:0:1]:50153
00:17:02.298 DEBUG SimpleChannelHandler - IN /[0:0:0:0:0:0:0:1]:50153: {"type":"LOGIN","payload":{"token":"5vPaqLeKx33XcRosSFiDXOt1PUmwpyCh"},"callback":"5298e2dd-74ad-4204-bf09-85e78810b3db"}
00:17:02.298 DEBUG SimpleChannelHandler - OUT /[0:0:0:0:0:0:0:1]:50153: {"type":"LOGIN","payload":{"error":"Login failed."},"callback":"5298e2dd-74ad-4204-bf09-85e78810b3db"}
00:17:02.388 DEBUG SimpleChannelHandler - IN /[0:0:0:0:0:0:0:1]:50153: {"type":"PARTY_INFO","payload":{"party":"ADPUFAX"},"callback":"91d32314-afd7-4701-ab5d-ce3e6c553893"}
00:17:02.389 DEBUG SimpleChannelHandler - OUT /[0:0:0:0:0:0:0:1]:50153: {"type":"PARTY_INFO","payload":{"id":"ADPUFAX","settings":{"visible":true,"player_limit":10,"score_limit":5,"timer_duration_multiplier":1},"players":[{"id":"1c502cdc-9848-425a-a7a6-80aafdd9b315","name":"a"}]},"callback":"91d32314-afd7-4701-ab5d-ce3e6c553893"}
00:17:03.503 DEBUG SimpleChannelHandler - IN /[0:0:0:0:0:0:0:1]:50153: {"type":"REGISTER","payload":{"name":"b"},"callback":"0a5e0a94-0fea-4817-97c8-198566144635"}
00:17:03.504 DEBUG SimpleChannelHandler - OUT /[0:0:0:0:0:0:0:1]:50153: {"type":"REGISTER","payload":{"id":"dbe043cf-3aa7-4c79-accd-8f15c8c4ea46","name":"b","token":"gJLqXW5aE3sbnmlDAG9D0FzEz7P9WBhl"},"callback":"0a5e0a94-0fea-4817-97c8-198566144635"}
00:17:03.510 DEBUG SimpleChannelHandler - IN /[0:0:0:0:0:0:0:1]:50153: {"type":"PARTY_JOIN","payload":{"party":"ADPUFAX"},"callback":"ca3298cc-d2a8-4222-b548-718dc7503f48"}
00:17:03.511 DEBUG SimpleChannelHandler - OUT /[0:0:0:0:0:0:0:1]:50153: {"type":"PARTY_JOIN","payload":{"id":"ADPUFAX","settings":{"visible":true,"player_limit":10,"score_limit":5,"timer_duration_multiplier":1},"players":[{"id":"1c502cdc-9848-425a-a7a6-80aafdd9b315","name":"a"},{"id":"dbe043cf-3aa7-4c79-accd-8f15c8c4ea46","name":"b"}]},"callback":"ca3298cc-d2a8-4222-b548-718dc7503f48"}
00:17:03.512 DEBUG SimpleChannelHandler - OUT /[0:0:0:0:0:0:0:1]:50144: {"type":"PARTY_UPDATE","payload":{"id":"ADPUFAX","settings":{"visible":true,"player_limit":10,"score_limit":5,"timer_duration_multiplier":1},"players":[{"id":"1c502cdc-9848-425a-a7a6-80aafdd9b315","name":"a"},{"id":"dbe043cf-3aa7-4c79-accd-8f15c8c4ea46","name":"b"}]}}
00:17:03.513 DEBUG SimpleChannelHandler - OUT /[0:0:0:0:0:0:0:1]:50153: {"type":"PARTY_UPDATE","payload":{"id":"ADPUFAX","settings":{"visible":true,"player_limit":10,"score_limit":5,"timer_duration_multiplier":1},"players":[{"id":"1c502cdc-9848-425a-a7a6-80aafdd9b315","name":"a"},{"id":"dbe043cf-3aa7-4c79-accd-8f15c8c4ea46","name":"b"}]}}
00:17:05.299 DEBUG SimpleChannelHandler - Closed connection from /[0:0:0:0:0:0:0:1]:50130
00:17:05.374 DEBUG SimpleChannelHandler - IN /[0:0:0:0:0:0:0:1]:50144: {"type":"PARTY_CHANGE_SETTINGS","payload":{"visible":true,"player_limit":10,"score_limit":5,"timer_duration_multiplier":1}}
00:17:05.375 DEBUG SimpleChannelHandler - OUT /[0:0:0:0:0:0:0:1]:50144: {"type":"PARTY_UPDATE_SETTINGS","payload":{"visible":true,"player_limit":10,"score_limit":5,"timer_duration_multiplier":1}}
00:17:05.375 DEBUG SimpleChannelHandler - OUT /[0:0:0:0:0:0:0:1]:50153: {"type":"PARTY_UPDATE_SETTINGS","payload":{"visible":true,"player_limit":10,"score_limit":5,"timer_duration_multiplier":1}}
00:17:06.006 DEBUG SimpleChannelHandler - Opened connection from /[0:0:0:0:0:0:0:1]:50158
00:17:06.044 DEBUG SimpleChannelHandler - IN /[0:0:0:0:0:0:0:1]:50158: {"type":"LOGIN","payload":{"token":"0dT7yhxEnDOlY1NyXBu3lOvOpg4aJpQq"},"callback":"1e6406de-f67f-4fd7-a806-23518eb9f445"}
00:17:06.044 DEBUG SimpleChannelHandler - OUT /[0:0:0:0:0:0:0:1]:50158: {"type":"LOGIN","payload":{"error":"Login failed."},"callback":"1e6406de-f67f-4fd7-a806-23518eb9f445"}
00:17:06.180 DEBUG SimpleChannelHandler - IN /[0:0:0:0:0:0:0:1]:50158: {"type":"PARTY_INFO","payload":{"party":"ADPUFAX"},"callback":"ce6731dc-8fc3-438e-a45e-b1cfd131f8f5"}
00:17:06.181 DEBUG SimpleChannelHandler - OUT /[0:0:0:0:0:0:0:1]:50158: {"type":"PARTY_INFO","payload":{"id":"ADPUFAX","settings":{"visible":true,"player_limit":10,"score_limit":5,"timer_duration_multiplier":1},"players":[{"id":"1c502cdc-9848-425a-a7a6-80aafdd9b315","name":"a"},{"id":"dbe043cf-3aa7-4c79-accd-8f15c8c4ea46","name":"b"}]},"callback":"ce6731dc-8fc3-438e-a45e-b1cfd131f8f5"}
00:17:07.095 DEBUG SimpleChannelHandler - IN /[0:0:0:0:0:0:0:1]:50158: {"type":"REGISTER","payload":{"name":"c"},"callback":"5483bf0c-dacb-4705-be75-160c5c901f28"}
00:17:07.095 DEBUG SimpleChannelHandler - OUT /[0:0:0:0:0:0:0:1]:50158: {"type":"REGISTER","payload":{"id":"63375126-ff4b-4b97-a778-8e458bff9593","name":"c","token":"rfT8puUySCDNTyG3SR8YvWOsf2hnlhYM"},"callback":"5483bf0c-dacb-4705-be75-160c5c901f28"}
00:17:07.100 DEBUG SimpleChannelHandler - IN /[0:0:0:0:0:0:0:1]:50158: {"type":"PARTY_JOIN","payload":{"party":"ADPUFAX"},"callback":"811e8930-069c-4fbf-9697-116d95c9dbcf"}
00:17:07.101 DEBUG SimpleChannelHandler - OUT /[0:0:0:0:0:0:0:1]:50158: {"type":"PARTY_JOIN","payload":{"id":"ADPUFAX","settings":{"visible":true,"player_limit":10,"score_limit":5,"timer_duration_multiplier":1},"players":[{"id":"1c502cdc-9848-425a-a7a6-80aafdd9b315","name":"a"},{"id":"dbe043cf-3aa7-4c79-accd-8f15c8c4ea46","name":"b"},{"id":"63375126-ff4b-4b97-a778-8e458bff9593","name":"c"}]},"callback":"811e8930-069c-4fbf-9697-116d95c9dbcf"}
00:17:07.102 DEBUG SimpleChannelHandler - OUT /[0:0:0:0:0:0:0:1]:50144: {"type":"PARTY_UPDATE","payload":{"id":"ADPUFAX","settings":{"visible":true,"player_limit":10,"score_limit":5,"timer_duration_multiplier":1},"players":[{"id":"1c502cdc-9848-425a-a7a6-80aafdd9b315","name":"a"},{"id":"dbe043cf-3aa7-4c79-accd-8f15c8c4ea46","name":"b"},{"id":"63375126-ff4b-4b97-a778-8e458bff9593","name":"c"}]}}
00:17:07.102 DEBUG SimpleChannelHandler - OUT /[0:0:0:0:0:0:0:1]:50153: {"type":"PARTY_UPDATE","payload":{"id":"ADPUFAX","settings":{"visible":true,"player_limit":10,"score_limit":5,"timer_duration_multiplier":1},"players":[{"id":"1c502cdc-9848-425a-a7a6-80aafdd9b315","name":"a"},{"id":"dbe043cf-3aa7-4c79-accd-8f15c8c4ea46","name":"b"},{"id":"63375126-ff4b-4b97-a778-8e458bff9593","name":"c"}]}}
00:17:07.103 DEBUG SimpleChannelHandler - OUT /[0:0:0:0:0:0:0:1]:50158: {"type":"PARTY_UPDATE","payload":{"id":"ADPUFAX","settings":{"visible":true,"player_limit":10,"score_limit":5,"timer_duration_multiplier":1},"players":[{"id":"1c502cdc-9848-425a-a7a6-80aafdd9b315","name":"a"},{"id":"dbe043cf-3aa7-4c79-accd-8f15c8c4ea46","name":"b"},{"id":"63375126-ff4b-4b97-a778-8e458bff9593","name":"c"}]}}
00:17:08.180 DEBUG SimpleChannelHandler - IN /[0:0:0:0:0:0:0:1]:50144: {"type":"PARTY_CHANGE_SETTINGS","payload":{"visible":true,"player_limit":10,"score_limit":5,"timer_duration_multiplier":1}}
00:17:08.180 DEBUG SimpleChannelHandler - OUT /[0:0:0:0:0:0:0:1]:50144: {"type":"PARTY_UPDATE_SETTINGS","payload":{"visible":true,"player_limit":10,"score_limit":5,"timer_duration_multiplier":1}}
00:17:08.180 DEBUG SimpleChannelHandler - OUT /[0:0:0:0:0:0:0:1]:50153: {"type":"PARTY_UPDATE_SETTINGS","payload":{"visible":true,"player_limit":10,"score_limit":5,"timer_duration_multiplier":1}}
00:17:08.181 DEBUG SimpleChannelHandler - OUT /[0:0:0:0:0:0:0:1]:50158: {"type":"PARTY_UPDATE_SETTINGS","payload":{"visible":true,"player_limit":10,"score_limit":5,"timer_duration_multiplier":1}}
00:17:09.512 DEBUG SimpleChannelHandler - IN /[0:0:0:0:0:0:0:1]:50144: {"type":"PARTY_START_GAME"}
00:17:09.526 DEBUG SimpleChannelHandler - OUT /[0:0:0:0:0:0:0:1]:50144: {"type":"GAME_UPDATE","payload":{"round_number":0,"round":{"judge":null,"reward":1,"start_cards":[{"id":"1","type":"BLACK","image":"card001.png"}],"picked_cards":[]},"spectators":[],"participants":{}}}
00:17:09.527 DEBUG SimpleChannelHandler - OUT /[0:0:0:0:0:0:0:1]:50153: {"type":"GAME_UPDATE","payload":{"round_number":0,"round":{"judge":null,"reward":1,"start_cards":[{"id":"1","type":"BLACK","image":"card001.png"}],"picked_cards":[]},"spectators":[],"participants":{}}}
00:17:09.527 DEBUG SimpleChannelHandler - OUT /[0:0:0:0:0:0:0:1]:50158: {"type":"GAME_UPDATE","payload":{"round_number":0,"round":{"judge":null,"reward":1,"start_cards":[{"id":"1","type":"BLACK","image":"card001.png"}],"picked_cards":[]},"spectators":[],"participants":{}}}
00:18:18.957 INFO  NettyServer - Netty server listening on: 0.0.0.0:8080
00:18:19.028 DEBUG SimpleChannelHandler - Opened connection from /127.0.0.1:50209
00:18:19.082 DEBUG SimpleChannelHandler - Opened connection from /127.0.0.1:50212
00:18:19.095 DEBUG SimpleChannelHandler - Opened connection from /[0:0:0:0:0:0:0:1]:50213
00:18:23.692 DEBUG SimpleChannelHandler - Closed connection from /127.0.0.1:50209
00:18:24.311 DEBUG SimpleChannelHandler - Opened connection from /[0:0:0:0:0:0:0:1]:50226
00:18:24.352 DEBUG SimpleChannelHandler - IN /[0:0:0:0:0:0:0:1]:50226: {"type":"LOGIN","payload":{"token":"gMBbIYEWZSNrcKL08jfZyZVpAkbJ0YQn"},"callback":"e0d341b6-e68e-46e4-81ba-4fd6216db8f2"}
00:18:24.381 DEBUG SimpleChannelHandler - OUT /[0:0:0:0:0:0:0:1]:50226: {"type":"LOGIN","payload":{"error":"Login failed."},"callback":"e0d341b6-e68e-46e4-81ba-4fd6216db8f2"}
00:18:24.507 DEBUG SimpleChannelHandler - IN /[0:0:0:0:0:0:0:1]:50226: {"type":"PARTY_INFO","payload":{"party":"ADPUFAX"},"callback":"10dfad23-0696-40ca-91f0-49cf94796386"}
00:18:24.508 DEBUG SimpleChannelHandler - OUT /[0:0:0:0:0:0:0:1]:50226: {"type":"PARTY_INFO","payload":{"error":"Party does not exist."},"callback":"10dfad23-0696-40ca-91f0-49cf94796386"}
00:18:25.774 DEBUG SimpleChannelHandler - IN /[0:0:0:0:0:0:0:1]:50226: {"type":"REGISTER","payload":{"name":"a"},"callback":"7d38eb05-3c06-465c-869f-38846b0f2dee"}
00:18:25.779 DEBUG SimpleChannelHandler - OUT /[0:0:0:0:0:0:0:1]:50226: {"type":"REGISTER","payload":{"id":"cf45c438-8edf-4589-9a59-1d81f47ad2a7","name":"a","token":"UZ7VwGY9qTscCn56gc2Bk0aktkk2aYL7"},"callback":"7d38eb05-3c06-465c-869f-38846b0f2dee"}
00:18:26.545 DEBUG SimpleChannelHandler - IN /[0:0:0:0:0:0:0:1]:50226: {"type":"PARTY_CREATE","callback":"69a3debc-4f45-4416-bc07-f11b987133ed"}
00:18:26.552 DEBUG SimpleChannelHandler - OUT /[0:0:0:0:0:0:0:1]:50226: {"type":"PARTY_CREATE","payload":{"id":"AUWEAOH","settings":{"visible":true,"player_limit":10,"score_limit":5,"timer_duration_multiplier":1},"players":[{"id":"cf45c438-8edf-4589-9a59-1d81f47ad2a7","name":"a"}]},"callback":"69a3debc-4f45-4416-bc07-f11b987133ed"}
00:18:27.673 DEBUG SimpleChannelHandler - IN /[0:0:0:0:0:0:0:1]:50226: {"type":"PARTY_CHANGE_SETTINGS","payload":{"visible":true,"player_limit":10,"score_limit":5,"timer_duration_multiplier":1}}
00:18:27.679 DEBUG SimpleChannelHandler - OUT /[0:0:0:0:0:0:0:1]:50226: {"type":"PARTY_UPDATE_SETTINGS","payload":{"visible":true,"player_limit":10,"score_limit":5,"timer_duration_multiplier":1}}
00:18:29.501 DEBUG SimpleChannelHandler - Closed connection from /127.0.0.1:50212
00:18:29.952 DEBUG SimpleChannelHandler - Opened connection from /[0:0:0:0:0:0:0:1]:50235
00:18:29.971 DEBUG SimpleChannelHandler - IN /[0:0:0:0:0:0:0:1]:50235: {"type":"LOGIN","payload":{"token":"gJLqXW5aE3sbnmlDAG9D0FzEz7P9WBhl"},"callback":"18ebaacb-667b-4b86-b037-baf1d867c8ec"}
00:18:29.971 DEBUG SimpleChannelHandler - OUT /[0:0:0:0:0:0:0:1]:50235: {"type":"LOGIN","payload":{"error":"Login failed."},"callback":"18ebaacb-667b-4b86-b037-baf1d867c8ec"}
00:18:30.066 DEBUG SimpleChannelHandler - IN /[0:0:0:0:0:0:0:1]:50235: {"type":"PARTY_INFO","payload":{"party":"AUWEAOH"},"callback":"35baffec-241e-4167-a08c-03059fdb1f65"}
00:18:30.066 DEBUG SimpleChannelHandler - OUT /[0:0:0:0:0:0:0:1]:50235: {"type":"PARTY_INFO","payload":{"id":"AUWEAOH","settings":{"visible":true,"player_limit":10,"score_limit":5,"timer_duration_multiplier":1},"players":[{"id":"cf45c438-8edf-4589-9a59-1d81f47ad2a7","name":"a"}]},"callback":"35baffec-241e-4167-a08c-03059fdb1f65"}
00:18:30.915 DEBUG SimpleChannelHandler - IN /[0:0:0:0:0:0:0:1]:50235: {"type":"REGISTER","payload":{"name":"b"},"callback":"856848ed-87a0-4bc8-bec3-e2cedbd9d828"}
00:18:30.916 DEBUG SimpleChannelHandler - OUT /[0:0:0:0:0:0:0:1]:50235: {"type":"REGISTER","payload":{"id":"b7969d76-f35f-4b4f-9726-7431d1247836","name":"b","token":"m3dY5RY4vTvyVEUh0WSSNPA4qkQnd7Pi"},"callback":"856848ed-87a0-4bc8-bec3-e2cedbd9d828"}
00:18:30.924 DEBUG SimpleChannelHandler - IN /[0:0:0:0:0:0:0:1]:50235: {"type":"PARTY_JOIN","payload":{"party":"AUWEAOH"},"callback":"6a64d72b-8533-44cf-9808-02e623e9565d"}
00:18:30.924 DEBUG SimpleChannelHandler - OUT /[0:0:0:0:0:0:0:1]:50235: {"type":"PARTY_JOIN","payload":{"id":"AUWEAOH","settings":{"visible":true,"player_limit":10,"score_limit":5,"timer_duration_multiplier":1},"players":[{"id":"cf45c438-8edf-4589-9a59-1d81f47ad2a7","name":"a"},{"id":"b7969d76-f35f-4b4f-9726-7431d1247836","name":"b"}]},"callback":"6a64d72b-8533-44cf-9808-02e623e9565d"}
00:18:30.925 DEBUG SimpleChannelHandler - OUT /[0:0:0:0:0:0:0:1]:50226: {"type":"PARTY_UPDATE","payload":{"id":"AUWEAOH","settings":{"visible":true,"player_limit":10,"score_limit":5,"timer_duration_multiplier":1},"players":[{"id":"cf45c438-8edf-4589-9a59-1d81f47ad2a7","name":"a"},{"id":"b7969d76-f35f-4b4f-9726-7431d1247836","name":"b"}]}}
00:18:30.927 DEBUG SimpleChannelHandler - OUT /[0:0:0:0:0:0:0:1]:50235: {"type":"PARTY_UPDATE","payload":{"id":"AUWEAOH","settings":{"visible":true,"player_limit":10,"score_limit":5,"timer_duration_multiplier":1},"players":[{"id":"cf45c438-8edf-4589-9a59-1d81f47ad2a7","name":"a"},{"id":"b7969d76-f35f-4b4f-9726-7431d1247836","name":"b"}]}}
00:18:32.413 DEBUG SimpleChannelHandler - IN /[0:0:0:0:0:0:0:1]:50226: {"type":"PARTY_CHANGE_SETTINGS","payload":{"visible":true,"player_limit":10,"score_limit":5,"timer_duration_multiplier":1}}
00:18:32.413 DEBUG SimpleChannelHandler - OUT /[0:0:0:0:0:0:0:1]:50226: {"type":"PARTY_UPDATE_SETTINGS","payload":{"visible":true,"player_limit":10,"score_limit":5,"timer_duration_multiplier":1}}
00:18:32.414 DEBUG SimpleChannelHandler - OUT /[0:0:0:0:0:0:0:1]:50235: {"type":"PARTY_UPDATE_SETTINGS","payload":{"visible":true,"player_limit":10,"score_limit":5,"timer_duration_multiplier":1}}
00:18:33.116 DEBUG SimpleChannelHandler - Closed connection from /[0:0:0:0:0:0:0:1]:50213
00:18:33.563 DEBUG SimpleChannelHandler - Opened connection from /[0:0:0:0:0:0:0:1]:50240
00:18:33.596 DEBUG SimpleChannelHandler - IN /[0:0:0:0:0:0:0:1]:50240: {"type":"LOGIN","payload":{"token":"rfT8puUySCDNTyG3SR8YvWOsf2hnlhYM"},"callback":"53dadb5b-cdae-46f6-b9a1-34f3e63b2936"}
00:18:33.597 DEBUG SimpleChannelHandler - OUT /[0:0:0:0:0:0:0:1]:50240: {"type":"LOGIN","payload":{"error":"Login failed."},"callback":"53dadb5b-cdae-46f6-b9a1-34f3e63b2936"}
00:18:33.686 DEBUG SimpleChannelHandler - IN /[0:0:0:0:0:0:0:1]:50240: {"type":"PARTY_INFO","payload":{"party":"AUWEAOH"},"callback":"e7c34f2f-aa52-43f7-91a8-0918cd681c1e"}
00:18:33.687 DEBUG SimpleChannelHandler - OUT /[0:0:0:0:0:0:0:1]:50240: {"type":"PARTY_INFO","payload":{"id":"AUWEAOH","settings":{"visible":true,"player_limit":10,"score_limit":5,"timer_duration_multiplier":1},"players":[{"id":"cf45c438-8edf-4589-9a59-1d81f47ad2a7","name":"a"},{"id":"b7969d76-f35f-4b4f-9726-7431d1247836","name":"b"}]},"callback":"e7c34f2f-aa52-43f7-91a8-0918cd681c1e"}
00:18:34.658 DEBUG SimpleChannelHandler - IN /[0:0:0:0:0:0:0:1]:50240: {"type":"REGISTER","payload":{"name":"c"},"callback":"df1088c5-324e-4109-b0e4-0ae8fe5c9428"}
00:18:34.658 DEBUG SimpleChannelHandler - OUT /[0:0:0:0:0:0:0:1]:50240: {"type":"REGISTER","payload":{"id":"67386c24-afba-45e5-8434-74e4113a24cb","name":"c","token":"RZeoEvuD90WeafA7F13YqSMPDy1V1mNb"},"callback":"df1088c5-324e-4109-b0e4-0ae8fe5c9428"}
00:18:34.664 DEBUG SimpleChannelHandler - IN /[0:0:0:0:0:0:0:1]:50240: {"type":"PARTY_JOIN","payload":{"party":"AUWEAOH"},"callback":"b85b2722-d62d-4219-a117-42c59e6cdf13"}
00:18:34.665 DEBUG SimpleChannelHandler - OUT /[0:0:0:0:0:0:0:1]:50240: {"type":"PARTY_JOIN","payload":{"id":"AUWEAOH","settings":{"visible":true,"player_limit":10,"score_limit":5,"timer_duration_multiplier":1},"players":[{"id":"cf45c438-8edf-4589-9a59-1d81f47ad2a7","name":"a"},{"id":"b7969d76-f35f-4b4f-9726-7431d1247836","name":"b"},{"id":"67386c24-afba-45e5-8434-74e4113a24cb","name":"c"}]},"callback":"b85b2722-d62d-4219-a117-42c59e6cdf13"}
00:18:34.665 DEBUG SimpleChannelHandler - OUT /[0:0:0:0:0:0:0:1]:50226: {"type":"PARTY_UPDATE","payload":{"id":"AUWEAOH","settings":{"visible":true,"player_limit":10,"score_limit":5,"timer_duration_multiplier":1},"players":[{"id":"cf45c438-8edf-4589-9a59-1d81f47ad2a7","name":"a"},{"id":"b7969d76-f35f-4b4f-9726-7431d1247836","name":"b"},{"id":"67386c24-afba-45e5-8434-74e4113a24cb","name":"c"}]}}
00:18:34.666 DEBUG SimpleChannelHandler - OUT /[0:0:0:0:0:0:0:1]:50235: {"type":"PARTY_UPDATE","payload":{"id":"AUWEAOH","settings":{"visible":true,"player_limit":10,"score_limit":5,"timer_duration_multiplier":1},"players":[{"id":"cf45c438-8edf-4589-9a59-1d81f47ad2a7","name":"a"},{"id":"b7969d76-f35f-4b4f-9726-7431d1247836","name":"b"},{"id":"67386c24-afba-45e5-8434-74e4113a24cb","name":"c"}]}}
00:18:34.666 DEBUG SimpleChannelHandler - OUT /[0:0:0:0:0:0:0:1]:50240: {"type":"PARTY_UPDATE","payload":{"id":"AUWEAOH","settings":{"visible":true,"player_limit":10,"score_limit":5,"timer_duration_multiplier":1},"players":[{"id":"cf45c438-8edf-4589-9a59-1d81f47ad2a7","name":"a"},{"id":"b7969d76-f35f-4b4f-9726-7431d1247836","name":"b"},{"id":"67386c24-afba-45e5-8434-74e4113a24cb","name":"c"}]}}
00:18:35.747 DEBUG SimpleChannelHandler - IN /[0:0:0:0:0:0:0:1]:50226: {"type":"PARTY_CHANGE_SETTINGS","payload":{"visible":true,"player_limit":10,"score_limit":5,"timer_duration_multiplier":1}}
00:18:35.747 DEBUG SimpleChannelHandler - OUT /[0:0:0:0:0:0:0:1]:50226: {"type":"PARTY_UPDATE_SETTINGS","payload":{"visible":true,"player_limit":10,"score_limit":5,"timer_duration_multiplier":1}}
00:18:35.748 DEBUG SimpleChannelHandler - OUT /[0:0:0:0:0:0:0:1]:50235: {"type":"PARTY_UPDATE_SETTINGS","payload":{"visible":true,"player_limit":10,"score_limit":5,"timer_duration_multiplier":1}}
00:18:35.748 DEBUG SimpleChannelHandler - OUT /[0:0:0:0:0:0:0:1]:50240: {"type":"PARTY_UPDATE_SETTINGS","payload":{"visible":true,"player_limit":10,"score_limit":5,"timer_duration_multiplier":1}}
00:18:36.137 DEBUG SimpleChannelHandler - IN /[0:0:0:0:0:0:0:1]:50226: {"type":"PARTY_START_GAME"}
00:18:36.149 DEBUG SimpleChannelHandler - OUT /[0:0:0:0:0:0:0:1]:50226: {"type":"PARTY_UPDATE","payload":{"id":"AUWEAOH","settings":{"visible":true,"player_limit":10,"score_limit":5,"timer_duration_multiplier":1},"players":[{"id":"cf45c438-8edf-4589-9a59-1d81f47ad2a7","name":"a"},{"id":"b7969d76-f35f-4b4f-9726-7431d1247836","name":"b"},{"id":"67386c24-afba-45e5-8434-74e4113a24cb","name":"c"}],"game":{"round_number":0,"round":{"judge":null,"reward":1,"start_cards":[{"id":"1","type":"BLACK","image":"card001.png"}],"picked_cards":[]},"spectators":[],"participants":{}}}}
00:18:36.150 DEBUG SimpleChannelHandler - OUT /[0:0:0:0:0:0:0:1]:50235: {"type":"PARTY_UPDATE","payload":{"id":"AUWEAOH","settings":{"visible":true,"player_limit":10,"score_limit":5,"timer_duration_multiplier":1},"players":[{"id":"cf45c438-8edf-4589-9a59-1d81f47ad2a7","name":"a"},{"id":"b7969d76-f35f-4b4f-9726-7431d1247836","name":"b"},{"id":"67386c24-afba-45e5-8434-74e4113a24cb","name":"c"}],"game":{"round_number":0,"round":{"judge":null,"reward":1,"start_cards":[{"id":"1","type":"BLACK","image":"card001.png"}],"picked_cards":[]},"spectators":[],"participants":{}}}}
00:18:36.150 DEBUG SimpleChannelHandler - OUT /[0:0:0:0:0:0:0:1]:50240: {"type":"PARTY_UPDATE","payload":{"id":"AUWEAOH","settings":{"visible":true,"player_limit":10,"score_limit":5,"timer_duration_multiplier":1},"players":[{"id":"cf45c438-8edf-4589-9a59-1d81f47ad2a7","name":"a"},{"id":"b7969d76-f35f-4b4f-9726-7431d1247836","name":"b"},{"id":"67386c24-afba-45e5-8434-74e4113a24cb","name":"c"}],"game":{"round_number":0,"round":{"judge":null,"reward":1,"start_cards":[{"id":"1","type":"BLACK","image":"card001.png"}],"picked_cards":[]},"spectators":[],"participants":{}}}}
00:19:26.999 INFO  NettyServer - Netty server listening on: 0.0.0.0:8080
00:19:27.083 DEBUG SimpleChannelHandler - Opened connection from /127.0.0.1:50270
00:19:27.135 DEBUG SimpleChannelHandler - Opened connection from /127.0.0.1:50273
00:19:27.147 DEBUG SimpleChannelHandler - Opened connection from /[0:0:0:0:0:0:0:1]:50274
00:19:35.175 DEBUG SimpleChannelHandler - Closed connection from /127.0.0.1:50270
00:19:36.070 DEBUG SimpleChannelHandler - Opened connection from /[0:0:0:0:0:0:0:1]:50288
00:19:36.107 DEBUG SimpleChannelHandler - IN /[0:0:0:0:0:0:0:1]:50288: {"type":"LOGIN","payload":{"token":"UZ7VwGY9qTscCn56gc2Bk0aktkk2aYL7"},"callback":"4d9d475f-160b-4a91-bee1-49977c361dbe"}
00:19:36.136 DEBUG SimpleChannelHandler - OUT /[0:0:0:0:0:0:0:1]:50288: {"type":"LOGIN","payload":{"error":"Login failed."},"callback":"4d9d475f-160b-4a91-bee1-49977c361dbe"}
00:19:36.249 DEBUG SimpleChannelHandler - IN /[0:0:0:0:0:0:0:1]:50288: {"type":"PARTY_INFO","payload":{"party":"AUWEAOH"},"callback":"46930351-d21b-4028-9f0a-bf9820e5ecfa"}
00:19:36.250 DEBUG SimpleChannelHandler - OUT /[0:0:0:0:0:0:0:1]:50288: {"type":"PARTY_INFO","payload":{"error":"Party does not exist."},"callback":"46930351-d21b-4028-9f0a-bf9820e5ecfa"}
00:19:37.494 DEBUG SimpleChannelHandler - IN /[0:0:0:0:0:0:0:1]:50288: {"type":"REGISTER","payload":{"name":"a"},"callback":"456cda92-f78a-4b0a-8f21-a314c9afa52b"}
00:19:37.499 DEBUG SimpleChannelHandler - OUT /[0:0:0:0:0:0:0:1]:50288: {"type":"REGISTER","payload":{"id":"050c8d5a-9583-4a02-bcf8-ae9b5f1f7e58","name":"a","token":"3fiFdPVsWnQQy3DDtIh4HSC6vWcY0jX6"},"callback":"456cda92-f78a-4b0a-8f21-a314c9afa52b"}
00:19:38.410 DEBUG SimpleChannelHandler - IN /[0:0:0:0:0:0:0:1]:50288: {"type":"PARTY_CREATE","callback":"d2c1c550-895f-467a-b9b4-9fe6bd92c236"}
00:19:38.417 DEBUG SimpleChannelHandler - OUT /[0:0:0:0:0:0:0:1]:50288: {"type":"PARTY_CREATE","payload":{"id":"AD1DXX8","settings":{"visible":true,"player_limit":10,"score_limit":5,"timer_duration_multiplier":1},"players":[{"id":"050c8d5a-9583-4a02-bcf8-ae9b5f1f7e58","name":"a"}]},"callback":"d2c1c550-895f-467a-b9b4-9fe6bd92c236"}
00:19:39.536 DEBUG SimpleChannelHandler - IN /[0:0:0:0:0:0:0:1]:50288: {"type":"PARTY_CHANGE_SETTINGS","payload":{"visible":true,"player_limit":10,"score_limit":5,"timer_duration_multiplier":1}}
00:19:39.542 DEBUG SimpleChannelHandler - OUT /[0:0:0:0:0:0:0:1]:50288: {"type":"PARTY_UPDATE_SETTINGS","payload":{"visible":true,"player_limit":10,"score_limit":5,"timer_duration_multiplier":1}}
00:19:41.187 DEBUG SimpleChannelHandler - Closed connection from /[0:0:0:0:0:0:0:1]:50274
00:19:41.613 DEBUG SimpleChannelHandler - Opened connection from /[0:0:0:0:0:0:0:1]:50301
00:19:41.651 DEBUG SimpleChannelHandler - IN /[0:0:0:0:0:0:0:1]:50301: {"type":"LOGIN","payload":{"token":"m3dY5RY4vTvyVEUh0WSSNPA4qkQnd7Pi"},"callback":"0a4bb843-2523-4f93-8b87-22a5bab0ca64"}
00:19:41.652 DEBUG SimpleChannelHandler - OUT /[0:0:0:0:0:0:0:1]:50301: {"type":"LOGIN","payload":{"error":"Login failed."},"callback":"0a4bb843-2523-4f93-8b87-22a5bab0ca64"}
00:19:41.790 DEBUG SimpleChannelHandler - IN /[0:0:0:0:0:0:0:1]:50301: {"type":"PARTY_INFO","payload":{"party":"AD1DXX8"},"callback":"c0f6906e-35ae-405e-b6d5-2cfb9098ef41"}
00:19:41.790 DEBUG SimpleChannelHandler - OUT /[0:0:0:0:0:0:0:1]:50301: {"type":"PARTY_INFO","payload":{"id":"AD1DXX8","settings":{"visible":true,"player_limit":10,"score_limit":5,"timer_duration_multiplier":1},"players":[{"id":"050c8d5a-9583-4a02-bcf8-ae9b5f1f7e58","name":"a"}]},"callback":"c0f6906e-35ae-405e-b6d5-2cfb9098ef41"}
00:19:42.756 DEBUG SimpleChannelHandler - IN /[0:0:0:0:0:0:0:1]:50301: {"type":"REGISTER","payload":{"name":"b"},"callback":"79165c62-c423-4257-a42d-fa08eae70aff"}
00:19:42.757 DEBUG SimpleChannelHandler - OUT /[0:0:0:0:0:0:0:1]:50301: {"type":"REGISTER","payload":{"id":"6aa69619-b09b-4b83-a831-47fa8e8e44d3","name":"b","token":"anaDr79elN2iOVtIgh6ozorEXhVg4vaX"},"callback":"79165c62-c423-4257-a42d-fa08eae70aff"}
00:19:42.763 DEBUG SimpleChannelHandler - IN /[0:0:0:0:0:0:0:1]:50301: {"type":"PARTY_JOIN","payload":{"party":"AD1DXX8"},"callback":"f7afd67a-cb36-4d0f-9fd8-d7f889a0ef12"}
00:19:42.764 DEBUG SimpleChannelHandler - OUT /[0:0:0:0:0:0:0:1]:50301: {"type":"PARTY_JOIN","payload":{"id":"AD1DXX8","settings":{"visible":true,"player_limit":10,"score_limit":5,"timer_duration_multiplier":1},"players":[{"id":"050c8d5a-9583-4a02-bcf8-ae9b5f1f7e58","name":"a"},{"id":"6aa69619-b09b-4b83-a831-47fa8e8e44d3","name":"b"}]},"callback":"f7afd67a-cb36-4d0f-9fd8-d7f889a0ef12"}
00:19:42.764 DEBUG SimpleChannelHandler - OUT /[0:0:0:0:0:0:0:1]:50288: {"type":"PARTY_UPDATE","payload":{"id":"AD1DXX8","settings":{"visible":true,"player_limit":10,"score_limit":5,"timer_duration_multiplier":1},"players":[{"id":"050c8d5a-9583-4a02-bcf8-ae9b5f1f7e58","name":"a"},{"id":"6aa69619-b09b-4b83-a831-47fa8e8e44d3","name":"b"}]}}
00:19:42.766 DEBUG SimpleChannelHandler - OUT /[0:0:0:0:0:0:0:1]:50301: {"type":"PARTY_UPDATE","payload":{"id":"AD1DXX8","settings":{"visible":true,"player_limit":10,"score_limit":5,"timer_duration_multiplier":1},"players":[{"id":"050c8d5a-9583-4a02-bcf8-ae9b5f1f7e58","name":"a"},{"id":"6aa69619-b09b-4b83-a831-47fa8e8e44d3","name":"b"}]}}
00:19:44.484 DEBUG SimpleChannelHandler - IN /[0:0:0:0:0:0:0:1]:50288: {"type":"PARTY_CHANGE_SETTINGS","payload":{"visible":true,"player_limit":10,"score_limit":5,"timer_duration_multiplier":1}}
00:19:44.484 DEBUG SimpleChannelHandler - OUT /[0:0:0:0:0:0:0:1]:50288: {"type":"PARTY_UPDATE_SETTINGS","payload":{"visible":true,"player_limit":10,"score_limit":5,"timer_duration_multiplier":1}}
00:19:44.485 DEBUG SimpleChannelHandler - OUT /[0:0:0:0:0:0:0:1]:50301: {"type":"PARTY_UPDATE_SETTINGS","payload":{"visible":true,"player_limit":10,"score_limit":5,"timer_duration_multiplier":1}}
00:19:44.590 DEBUG SimpleChannelHandler - Closed connection from /127.0.0.1:50273
00:19:44.980 DEBUG SimpleChannelHandler - Opened connection from /[0:0:0:0:0:0:0:1]:50305
00:19:45.016 DEBUG SimpleChannelHandler - IN /[0:0:0:0:0:0:0:1]:50305: {"type":"LOGIN","payload":{"token":"RZeoEvuD90WeafA7F13YqSMPDy1V1mNb"},"callback":"d363cf88-d0b8-4a6c-afa8-244632f5a601"}
00:19:45.016 DEBUG SimpleChannelHandler - OUT /[0:0:0:0:0:0:0:1]:50305: {"type":"LOGIN","payload":{"error":"Login failed."},"callback":"d363cf88-d0b8-4a6c-afa8-244632f5a601"}
00:19:45.157 DEBUG SimpleChannelHandler - IN /[0:0:0:0:0:0:0:1]:50305: {"type":"PARTY_INFO","payload":{"party":"AD1DXX8"},"callback":"9e1122aa-af18-4858-971c-7f5bf751a6ed"}
00:19:45.158 DEBUG SimpleChannelHandler - OUT /[0:0:0:0:0:0:0:1]:50305: {"type":"PARTY_INFO","payload":{"id":"AD1DXX8","settings":{"visible":true,"player_limit":10,"score_limit":5,"timer_duration_multiplier":1},"players":[{"id":"050c8d5a-9583-4a02-bcf8-ae9b5f1f7e58","name":"a"},{"id":"6aa69619-b09b-4b83-a831-47fa8e8e44d3","name":"b"}]},"callback":"9e1122aa-af18-4858-971c-7f5bf751a6ed"}
00:19:46.264 DEBUG SimpleChannelHandler - IN /[0:0:0:0:0:0:0:1]:50305: {"type":"REGISTER","payload":{"name":"c"},"callback":"6af8d5df-78ec-41e1-b1b0-eb7bb6aa9d27"}
00:19:46.264 DEBUG SimpleChannelHandler - OUT /[0:0:0:0:0:0:0:1]:50305: {"type":"REGISTER","payload":{"id":"b276e004-78c1-4fcb-9f55-44800773f6a1","name":"c","token":"dKIeaqd78AExmiez9RBCQpWkVunuV63R"},"callback":"6af8d5df-78ec-41e1-b1b0-eb7bb6aa9d27"}
00:19:46.272 DEBUG SimpleChannelHandler - IN /[0:0:0:0:0:0:0:1]:50305: {"type":"PARTY_JOIN","payload":{"party":"AD1DXX8"},"callback":"d4b2477c-7c06-4f08-ad8d-207f3663dfe5"}
00:19:46.273 DEBUG SimpleChannelHandler - OUT /[0:0:0:0:0:0:0:1]:50305: {"type":"PARTY_JOIN","payload":{"id":"AD1DXX8","settings":{"visible":true,"player_limit":10,"score_limit":5,"timer_duration_multiplier":1},"players":[{"id":"050c8d5a-9583-4a02-bcf8-ae9b5f1f7e58","name":"a"},{"id":"6aa69619-b09b-4b83-a831-47fa8e8e44d3","name":"b"},{"id":"b276e004-78c1-4fcb-9f55-44800773f6a1","name":"c"}]},"callback":"d4b2477c-7c06-4f08-ad8d-207f3663dfe5"}
00:19:46.274 DEBUG SimpleChannelHandler - OUT /[0:0:0:0:0:0:0:1]:50288: {"type":"PARTY_UPDATE","payload":{"id":"AD1DXX8","settings":{"visible":true,"player_limit":10,"score_limit":5,"timer_duration_multiplier":1},"players":[{"id":"050c8d5a-9583-4a02-bcf8-ae9b5f1f7e58","name":"a"},{"id":"6aa69619-b09b-4b83-a831-47fa8e8e44d3","name":"b"},{"id":"b276e004-78c1-4fcb-9f55-44800773f6a1","name":"c"}]}}
00:19:46.274 DEBUG SimpleChannelHandler - OUT /[0:0:0:0:0:0:0:1]:50301: {"type":"PARTY_UPDATE","payload":{"id":"AD1DXX8","settings":{"visible":true,"player_limit":10,"score_limit":5,"timer_duration_multiplier":1},"players":[{"id":"050c8d5a-9583-4a02-bcf8-ae9b5f1f7e58","name":"a"},{"id":"6aa69619-b09b-4b83-a831-47fa8e8e44d3","name":"b"},{"id":"b276e004-78c1-4fcb-9f55-44800773f6a1","name":"c"}]}}
00:19:46.275 DEBUG SimpleChannelHandler - OUT /[0:0:0:0:0:0:0:1]:50305: {"type":"PARTY_UPDATE","payload":{"id":"AD1DXX8","settings":{"visible":true,"player_limit":10,"score_limit":5,"timer_duration_multiplier":1},"players":[{"id":"050c8d5a-9583-4a02-bcf8-ae9b5f1f7e58","name":"a"},{"id":"6aa69619-b09b-4b83-a831-47fa8e8e44d3","name":"b"},{"id":"b276e004-78c1-4fcb-9f55-44800773f6a1","name":"c"}]}}
00:19:47.381 DEBUG SimpleChannelHandler - IN /[0:0:0:0:0:0:0:1]:50288: {"type":"PARTY_CHANGE_SETTINGS","payload":{"visible":true,"player_limit":10,"score_limit":5,"timer_duration_multiplier":1}}
00:19:47.382 DEBUG SimpleChannelHandler - OUT /[0:0:0:0:0:0:0:1]:50288: {"type":"PARTY_UPDATE_SETTINGS","payload":{"visible":true,"player_limit":10,"score_limit":5,"timer_duration_multiplier":1}}
00:19:47.382 DEBUG SimpleChannelHandler - OUT /[0:0:0:0:0:0:0:1]:50301: {"type":"PARTY_UPDATE_SETTINGS","payload":{"visible":true,"player_limit":10,"score_limit":5,"timer_duration_multiplier":1}}
00:19:47.383 DEBUG SimpleChannelHandler - OUT /[0:0:0:0:0:0:0:1]:50305: {"type":"PARTY_UPDATE_SETTINGS","payload":{"visible":true,"player_limit":10,"score_limit":5,"timer_duration_multiplier":1}}
00:19:48.434 DEBUG SimpleChannelHandler - IN /[0:0:0:0:0:0:0:1]:50288: {"type":"PARTY_START_GAME"}
00:19:48.455 DEBUG SimpleChannelHandler - OUT /[0:0:0:0:0:0:0:1]:50288: {"type":"PARTY_UPDATE","payload":{"id":"AD1DXX8","settings":{"visible":true,"player_limit":10,"score_limit":5,"timer_duration_multiplier":1},"players":[{"id":"050c8d5a-9583-4a02-bcf8-ae9b5f1f7e58","name":"a"},{"id":"6aa69619-b09b-4b83-a831-47fa8e8e44d3","name":"b"},{"id":"b276e004-78c1-4fcb-9f55-44800773f6a1","name":"c"}],"game":{"round_number":0,"round":{"judge":{"id":"050c8d5a-9583-4a02-bcf8-ae9b5f1f7e58","name":"a"},"reward":1,"start_cards":[{"id":"22","type":"BLACK","image":"card022.png"}],"picked_cards":[]},"spectators":[],"participants":{"Player[id=050c8d5a-9583-4a02-bcf8-ae9b5f1f7e58, name=a, token=3fiFdPVsWnQQy3DDtIh4HSC6vWcY0jX6]":{"score":0,"disconnected":false},"Player[id=b276e004-78c1-4fcb-9f55-44800773f6a1, name=c, token=dKIeaqd78AExmiez9RBCQpWkVunuV63R]":{"score":0,"disconnected":false},"Player[id=6aa69619-b09b-4b83-a831-47fa8e8e44d3, name=b, token=anaDr79elN2iOVtIgh6ozorEXhVg4vaX]":{"score":0,"disconnected":false}}}}}
00:19:48.456 DEBUG SimpleChannelHandler - OUT /[0:0:0:0:0:0:0:1]:50301: {"type":"PARTY_UPDATE","payload":{"id":"AD1DXX8","settings":{"visible":true,"player_limit":10,"score_limit":5,"timer_duration_multiplier":1},"players":[{"id":"050c8d5a-9583-4a02-bcf8-ae9b5f1f7e58","name":"a"},{"id":"6aa69619-b09b-4b83-a831-47fa8e8e44d3","name":"b"},{"id":"b276e004-78c1-4fcb-9f55-44800773f6a1","name":"c"}],"game":{"round_number":0,"round":{"judge":{"id":"050c8d5a-9583-4a02-bcf8-ae9b5f1f7e58","name":"a"},"reward":1,"start_cards":[{"id":"22","type":"BLACK","image":"card022.png"}],"picked_cards":[]},"spectators":[],"participants":{"Player[id=050c8d5a-9583-4a02-bcf8-ae9b5f1f7e58, name=a, token=3fiFdPVsWnQQy3DDtIh4HSC6vWcY0jX6]":{"score":0,"disconnected":false},"Player[id=b276e004-78c1-4fcb-9f55-44800773f6a1, name=c, token=dKIeaqd78AExmiez9RBCQpWkVunuV63R]":{"score":0,"disconnected":false},"Player[id=6aa69619-b09b-4b83-a831-47fa8e8e44d3, name=b, token=anaDr79elN2iOVtIgh6ozorEXhVg4vaX]":{"score":0,"disconnected":false}}}}}
00:19:48.458 DEBUG SimpleChannelHandler - OUT /[0:0:0:0:0:0:0:1]:50305: {"type":"PARTY_UPDATE","payload":{"id":"AD1DXX8","settings":{"visible":true,"player_limit":10,"score_limit":5,"timer_duration_multiplier":1},"players":[{"id":"050c8d5a-9583-4a02-bcf8-ae9b5f1f7e58","name":"a"},{"id":"6aa69619-b09b-4b83-a831-47fa8e8e44d3","name":"b"},{"id":"b276e004-78c1-4fcb-9f55-44800773f6a1","name":"c"}],"game":{"round_number":0,"round":{"judge":{"id":"050c8d5a-9583-4a02-bcf8-ae9b5f1f7e58","name":"a"},"reward":1,"start_cards":[{"id":"22","type":"BLACK","image":"card022.png"}],"picked_cards":[]},"spectators":[],"participants":{"Player[id=050c8d5a-9583-4a02-bcf8-ae9b5f1f7e58, name=a, token=3fiFdPVsWnQQy3DDtIh4HSC6vWcY0jX6]":{"score":0,"disconnected":false},"Player[id=b276e004-78c1-4fcb-9f55-44800773f6a1, name=c, token=dKIeaqd78AExmiez9RBCQpWkVunuV63R]":{"score":0,"disconnected":false},"Player[id=6aa69619-b09b-4b83-a831-47fa8e8e44d3, name=b, token=anaDr79elN2iOVtIgh6ozorEXhVg4vaX]":{"score":0,"disconnected":false}}}}}
00:19:48.459 DEBUG SimpleChannelHandler - OUT /[0:0:0:0:0:0:0:1]:50288: {"type":"GAME_HAND_UPDATE","payload":{"score":0,"disconnected":false}}
00:19:48.460 DEBUG SimpleChannelHandler - OUT /[0:0:0:0:0:0:0:1]:50305: {"type":"GAME_HAND_UPDATE","payload":{"score":0,"disconnected":false}}
00:19:48.460 DEBUG SimpleChannelHandler - OUT /[0:0:0:0:0:0:0:1]:50301: {"type":"GAME_HAND_UPDATE","payload":{"score":0,"disconnected":false}}
00:20:14.452 DEBUG SimpleChannelHandler - Opened connection from /[0:0:0:0:0:0:0:1]:50329
00:20:14.465 DEBUG SimpleChannelHandler - IN /[0:0:0:0:0:0:0:1]:50329: {"type":"LOGIN","payload":{"token":"3fiFdPVsWnQQy3DDtIh4HSC6vWcY0jX6"},"callback":"1afe9d80-998c-4894-9d48-cb53834e090e"}
00:20:14.466 DEBUG SimpleChannelHandler - OUT /[0:0:0:0:0:0:0:1]:50329: {"type":"LOGIN","payload":{"id":"050c8d5a-9583-4a02-bcf8-ae9b5f1f7e58","name":"a"},"callback":"1afe9d80-998c-4894-9d48-cb53834e090e"}
00:20:15.383 DEBUG SimpleChannelHandler - Opened connection from /[0:0:0:0:0:0:0:1]:50336
00:20:15.395 DEBUG SimpleChannelHandler - IN /[0:0:0:0:0:0:0:1]:50336: {"type":"LOGIN","payload":{"token":"anaDr79elN2iOVtIgh6ozorEXhVg4vaX"},"callback":"8ae12823-f979-454b-a168-5be1de11be9c"}
00:20:15.396 DEBUG SimpleChannelHandler - OUT /[0:0:0:0:0:0:0:1]:50336: {"type":"LOGIN","payload":{"id":"6aa69619-b09b-4b83-a831-47fa8e8e44d3","name":"b"},"callback":"8ae12823-f979-454b-a168-5be1de11be9c"}
00:20:15.410 DEBUG SimpleChannelHandler - Opened connection from /[0:0:0:0:0:0:0:1]:50337
00:20:15.453 DEBUG SimpleChannelHandler - IN /[0:0:0:0:0:0:0:1]:50337: {"type":"LOGIN","payload":{"token":"dKIeaqd78AExmiez9RBCQpWkVunuV63R"},"callback":"ce87609f-db8e-4cf2-90bd-cf764b1eeda0"}
00:20:15.453 DEBUG SimpleChannelHandler - OUT /[0:0:0:0:0:0:0:1]:50337: {"type":"LOGIN","payload":{"id":"b276e004-78c1-4fcb-9f55-44800773f6a1","name":"c"},"callback":"ce87609f-db8e-4cf2-90bd-cf764b1eeda0"}
00:21:21.814 INFO  NettyServer - Netty server listening on: 0.0.0.0:8080
00:21:21.992 DEBUG SimpleChannelHandler - Opened connection from /[0:0:0:0:0:0:0:1]:50374
00:21:21.992 DEBUG SimpleChannelHandler - Opened connection from /127.0.0.1:50376
00:21:22.048 DEBUG SimpleChannelHandler - Opened connection from /127.0.0.1:50377
00:21:22.048 DEBUG SimpleChannelHandler - Opened connection from /[0:0:0:0:0:0:0:1]:50378
00:21:22.053 DEBUG SimpleChannelHandler - Closed connection from /[0:0:0:0:0:0:0:1]:50378
00:21:22.060 DEBUG SimpleChannelHandler - Opened connection from /[0:0:0:0:0:0:0:1]:50380
00:21:22.067 DEBUG SimpleChannelHandler - Opened connection from /127.0.0.1:50381
00:21:23.375 DEBUG SimpleChannelHandler - Opened connection from /[0:0:0:0:0:0:0:1]:50383
00:27:25.726 DEBUG SimpleChannelHandler - Opened connection from /[0:0:0:0:0:0:0:1]:50665
00:27:25.736 DEBUG SimpleChannelHandler - IN /[0:0:0:0:0:0:0:1]:50665: {"type":"LOGIN","payload":{"token":"3fiFdPVsWnQQy3DDtIh4HSC6vWcY0jX6"},"callback":"5ca751c3-96ab-43e7-a4c8-c6e8a6262a58"}
00:27:25.765 DEBUG SimpleChannelHandler - OUT /[0:0:0:0:0:0:0:1]:50665: {"type":"LOGIN","payload":{"error":"Login failed."},"callback":"5ca751c3-96ab-43e7-a4c8-c6e8a6262a58"}
00:27:26.393 DEBUG SimpleChannelHandler - Opened connection from /[0:0:0:0:0:0:0:1]:50669
00:27:26.405 DEBUG SimpleChannelHandler - IN /[0:0:0:0:0:0:0:1]:50669: {"type":"LOGIN","payload":{"token":"dKIeaqd78AExmiez9RBCQpWkVunuV63R"},"callback":"f6adfe3e-871d-4148-81de-5d5629edecbd"}
00:27:26.406 DEBUG SimpleChannelHandler - OUT /[0:0:0:0:0:0:0:1]:50669: {"type":"LOGIN","payload":{"error":"Login failed."},"callback":"f6adfe3e-871d-4148-81de-5d5629edecbd"}
00:27:26.425 DEBUG SimpleChannelHandler - Opened connection from /[0:0:0:0:0:0:0:1]:50670
00:27:26.446 DEBUG SimpleChannelHandler - IN /[0:0:0:0:0:0:0:1]:50670: {"type":"LOGIN","payload":{"token":"anaDr79elN2iOVtIgh6ozorEXhVg4vaX"},"callback":"038d4c04-a132-4147-b46b-e065da9778be"}
00:27:26.446 DEBUG SimpleChannelHandler - OUT /[0:0:0:0:0:0:0:1]:50670: {"type":"LOGIN","payload":{"error":"Login failed."},"callback":"038d4c04-a132-4147-b46b-e065da9778be"}
00:27:52.416 INFO  NettyServer - Netty server listening on: 0.0.0.0:8080
00:27:52.474 DEBUG SimpleChannelHandler - Opened connection from /127.0.0.1:50695
00:27:52.474 DEBUG SimpleChannelHandler - Opened connection from /[0:0:0:0:0:0:0:1]:50693
00:27:52.527 DEBUG SimpleChannelHandler - Opened connection from /127.0.0.1:50696
00:27:52.528 DEBUG SimpleChannelHandler - Opened connection from /[0:0:0:0:0:0:0:1]:50697
00:27:52.533 DEBUG SimpleChannelHandler - Closed connection from /[0:0:0:0:0:0:0:1]:50697
00:27:52.539 DEBUG SimpleChannelHandler - Opened connection from /[0:0:0:0:0:0:0:1]:50698
00:27:52.550 DEBUG SimpleChannelHandler - Opened connection from /127.0.0.1:50699
00:27:52.559 DEBUG SimpleChannelHandler - Opened connection from /[0:0:0:0:0:0:0:1]:50700
00:27:52.569 DEBUG SimpleChannelHandler - Opened connection from /127.0.0.1:50701
00:27:52.577 DEBUG SimpleChannelHandler - Opened connection from /[0:0:0:0:0:0:0:1]:50702
00:27:52.586 DEBUG SimpleChannelHandler - Opened connection from /127.0.0.1:50703
00:27:56.617 DEBUG SimpleChannelHandler - Closed connection from /127.0.0.1:50696
00:27:56.618 DEBUG SimpleChannelHandler - Closed connection from /127.0.0.1:50695
00:27:56.620 DEBUG SimpleChannelHandler - Closed connection from /[0:0:0:0:0:0:0:1]:50693
00:27:57.184 DEBUG SimpleChannelHandler - Opened connection from /[0:0:0:0:0:0:0:1]:50717
00:27:57.221 DEBUG SimpleChannelHandler - IN /[0:0:0:0:0:0:0:1]:50717: {"type":"LOGIN","payload":{"token":"3fiFdPVsWnQQy3DDtIh4HSC6vWcY0jX6"},"callback":"f977d0f9-46af-4246-8f58-98693d33c10f"}
00:27:57.250 DEBUG SimpleChannelHandler - OUT /[0:0:0:0:0:0:0:1]:50717: {"type":"LOGIN","payload":{"error":"Login failed."},"callback":"f977d0f9-46af-4246-8f58-98693d33c10f"}
00:27:57.424 DEBUG SimpleChannelHandler - IN /[0:0:0:0:0:0:0:1]:50717: {"type":"PARTY_JOIN","payload":{"party":"AD1DXX8"},"callback":"499a7897-39a6-44a4-9cb1-e338ee4989da"}
00:27:57.424 DEBUG SimpleChannelHandler - OUT /[0:0:0:0:0:0:0:1]:50717: {"type":"PARTY_JOIN","payload":{"error":"Something went wrong."},"callback":"499a7897-39a6-44a4-9cb1-e338ee4989da"}
00:28:00.710 DEBUG SimpleChannelHandler - IN /[0:0:0:0:0:0:0:1]:50717: {"type":"REGISTER","payload":{"name":"a"},"callback":"97542cbc-d742-4ac4-9f77-5302adfb1174"}
00:28:00.715 DEBUG SimpleChannelHandler - OUT /[0:0:0:0:0:0:0:1]:50717: {"type":"REGISTER","payload":{"id":"fb284f62-57c6-4712-882d-465e5041fbae","name":"a","token":"3gfi08rNuC3Yxl5WmfImTWn1YfSzBjX3"},"callback":"97542cbc-d742-4ac4-9f77-5302adfb1174"}
00:28:01.659 DEBUG SimpleChannelHandler - IN /[0:0:0:0:0:0:0:1]:50717: {"type":"PARTY_CREATE","callback":"4a42306d-9da5-4edf-ba84-8aa058935a24"}
00:28:01.667 DEBUG SimpleChannelHandler - OUT /[0:0:0:0:0:0:0:1]:50717: {"type":"PARTY_CREATE","payload":{"id":"AVI3IHF","settings":{"visible":true,"player_limit":10,"score_limit":5,"timer_duration_multiplier":1},"players":[{"id":"fb284f62-57c6-4712-882d-465e5041fbae","name":"a"}]},"callback":"4a42306d-9da5-4edf-ba84-8aa058935a24"}
00:28:02.784 DEBUG SimpleChannelHandler - IN /[0:0:0:0:0:0:0:1]:50717: {"type":"PARTY_CHANGE_SETTINGS","payload":{"visible":true,"player_limit":10,"score_limit":5,"timer_duration_multiplier":1}}
00:28:02.790 DEBUG SimpleChannelHandler - OUT /[0:0:0:0:0:0:0:1]:50717: {"type":"PARTY_UPDATE_SETTINGS","payload":{"visible":true,"player_limit":10,"score_limit":5,"timer_duration_multiplier":1}}
00:28:04.358 DEBUG SimpleChannelHandler - Closed connection from /[0:0:0:0:0:0:0:1]:50698
00:28:04.357 DEBUG SimpleChannelHandler - Closed connection from /127.0.0.1:50701
00:28:04.359 DEBUG SimpleChannelHandler - Closed connection from /127.0.0.1:50703
00:28:04.886 DEBUG SimpleChannelHandler - Opened connection from /[0:0:0:0:0:0:0:1]:50729
00:28:04.927 DEBUG SimpleChannelHandler - IN /[0:0:0:0:0:0:0:1]:50729: {"type":"LOGIN","payload":{"token":"anaDr79elN2iOVtIgh6ozorEXhVg4vaX"},"callback":"43140006-e491-4912-85d9-bb2cd31033da"}
00:28:04.927 DEBUG SimpleChannelHandler - OUT /[0:0:0:0:0:0:0:1]:50729: {"type":"LOGIN","payload":{"error":"Login failed."},"callback":"43140006-e491-4912-85d9-bb2cd31033da"}
00:28:05.035 DEBUG SimpleChannelHandler - IN /[0:0:0:0:0:0:0:1]:50729: {"type":"PARTY_JOIN","payload":{"party":"AVI3IHF"},"callback":"fab9c7b7-f0db-4098-a161-fbafd7bfc4ff"}
00:28:05.036 DEBUG SimpleChannelHandler - OUT /[0:0:0:0:0:0:0:1]:50729: {"type":"PARTY_JOIN","payload":{"error":"Something went wrong."},"callback":"fab9c7b7-f0db-4098-a161-fbafd7bfc4ff"}
00:28:06.051 DEBUG SimpleChannelHandler - IN /[0:0:0:0:0:0:0:1]:50729: {"type":"REGISTER","payload":{"name":"b"},"callback":"573f00b4-61be-4ebd-b7eb-9da43a23920a"}
00:28:06.052 DEBUG SimpleChannelHandler - OUT /[0:0:0:0:0:0:0:1]:50729: {"type":"REGISTER","payload":{"id":"76d722b6-7118-49eb-999b-9110a2f88c70","name":"b","token":"1BRP68jpNOjRQZH0qgMIKoQANQKSA6E4"},"callback":"573f00b4-61be-4ebd-b7eb-9da43a23920a"}
00:28:08.857 DEBUG SimpleChannelHandler - Closed connection from /127.0.0.1:50699
00:28:08.857 DEBUG SimpleChannelHandler - Closed connection from /[0:0:0:0:0:0:0:1]:50702
00:28:08.862 DEBUG SimpleChannelHandler - Closed connection from /[0:0:0:0:0:0:0:1]:50700
00:28:09.344 DEBUG SimpleChannelHandler - Opened connection from /[0:0:0:0:0:0:0:1]:50734
00:28:09.387 DEBUG SimpleChannelHandler - IN /[0:0:0:0:0:0:0:1]:50734: {"type":"LOGIN","payload":{"token":"dKIeaqd78AExmiez9RBCQpWkVunuV63R"},"callback":"86a13032-a67d-412e-beb5-4375310d0645"}
00:28:09.388 DEBUG SimpleChannelHandler - OUT /[0:0:0:0:0:0:0:1]:50734: {"type":"LOGIN","payload":{"error":"Login failed."},"callback":"86a13032-a67d-412e-beb5-4375310d0645"}
00:28:09.513 DEBUG SimpleChannelHandler - IN /[0:0:0:0:0:0:0:1]:50734: {"type":"PARTY_JOIN","payload":{"party":"AVI3IHF"},"callback":"f8d9a5cb-1fd8-42ad-98ee-004cc57bec0b"}
00:28:09.513 DEBUG SimpleChannelHandler - OUT /[0:0:0:0:0:0:0:1]:50734: {"type":"PARTY_JOIN","payload":{"error":"Something went wrong."},"callback":"f8d9a5cb-1fd8-42ad-98ee-004cc57bec0b"}
00:28:11.034 DEBUG SimpleChannelHandler - IN /[0:0:0:0:0:0:0:1]:50734: {"type":"REGISTER","payload":{"name":"c"},"callback":"7ffe7fcc-0cf2-4a69-8c70-1407ab35bb0e"}
00:28:11.035 DEBUG SimpleChannelHandler - OUT /[0:0:0:0:0:0:0:1]:50734: {"type":"REGISTER","payload":{"id":"5fc40ea4-4a5b-47b0-b4c6-aeb1151ae78a","name":"c","token":"iWHCdDyKZPNa5sqLM76LLC5xCrl60HYx"},"callback":"7ffe7fcc-0cf2-4a69-8c70-1407ab35bb0e"}
00:29:12.536 DEBUG SimpleChannelHandler - Closed connection from /[0:0:0:0:0:0:0:1]:50729
00:29:12.982 DEBUG SimpleChannelHandler - Opened connection from /[0:0:0:0:0:0:0:1]:50775
00:29:13.024 DEBUG SimpleChannelHandler - IN /[0:0:0:0:0:0:0:1]:50775: {"type":"LOGIN","payload":{"token":"1BRP68jpNOjRQZH0qgMIKoQANQKSA6E4"},"callback":"4ad7ae83-b357-4e5a-b49f-39febc838efa"}
00:29:13.025 DEBUG SimpleChannelHandler - OUT /[0:0:0:0:0:0:0:1]:50775: {"type":"LOGIN","payload":{"id":"76d722b6-7118-49eb-999b-9110a2f88c70","name":"b"},"callback":"4ad7ae83-b357-4e5a-b49f-39febc838efa"}
00:29:13.083 DEBUG SimpleChannelHandler - IN /[0:0:0:0:0:0:0:1]:50775: {"type":"PARTY_JOIN","payload":{"party":"AVI3IHF"},"callback":"1ad5f730-77e3-4bfc-9b61-6fd73011c1ac"}
00:29:13.084 DEBUG SimpleChannelHandler - OUT /[0:0:0:0:0:0:0:1]:50775: {"type":"PARTY_JOIN","payload":{"id":"AVI3IHF","settings":{"visible":true,"player_limit":10,"score_limit":5,"timer_duration_multiplier":1},"players":[{"id":"fb284f62-57c6-4712-882d-465e5041fbae","name":"a"},{"id":"76d722b6-7118-49eb-999b-9110a2f88c70","name":"b"}]},"callback":"1ad5f730-77e3-4bfc-9b61-6fd73011c1ac"}
00:29:13.084 DEBUG SimpleChannelHandler - OUT /[0:0:0:0:0:0:0:1]:50717: {"type":"PARTY_UPDATE","payload":{"id":"AVI3IHF","settings":{"visible":true,"player_limit":10,"score_limit":5,"timer_duration_multiplier":1},"players":[{"id":"fb284f62-57c6-4712-882d-465e5041fbae","name":"a"},{"id":"76d722b6-7118-49eb-999b-9110a2f88c70","name":"b"}]}}
00:29:13.086 DEBUG SimpleChannelHandler - OUT /[0:0:0:0:0:0:0:1]:50775: {"type":"PARTY_UPDATE","payload":{"id":"AVI3IHF","settings":{"visible":true,"player_limit":10,"score_limit":5,"timer_duration_multiplier":1},"players":[{"id":"fb284f62-57c6-4712-882d-465e5041fbae","name":"a"},{"id":"76d722b6-7118-49eb-999b-9110a2f88c70","name":"b"}]}}
00:29:14.372 DEBUG SimpleChannelHandler - IN /[0:0:0:0:0:0:0:1]:50717: {"type":"PARTY_CHANGE_SETTINGS","payload":{"visible":true,"player_limit":10,"score_limit":5,"timer_duration_multiplier":1}}
00:29:14.373 DEBUG SimpleChannelHandler - OUT /[0:0:0:0:0:0:0:1]:50717: {"type":"PARTY_UPDATE_SETTINGS","payload":{"visible":true,"player_limit":10,"score_limit":5,"timer_duration_multiplier":1}}
00:29:14.374 DEBUG SimpleChannelHandler - OUT /[0:0:0:0:0:0:0:1]:50775: {"type":"PARTY_UPDATE_SETTINGS","payload":{"visible":true,"player_limit":10,"score_limit":5,"timer_duration_multiplier":1}}
00:29:17.377 DEBUG SimpleChannelHandler - Closed connection from /[0:0:0:0:0:0:0:1]:50734
00:29:17.838 DEBUG SimpleChannelHandler - Opened connection from /[0:0:0:0:0:0:0:1]:58399
00:29:17.875 DEBUG SimpleChannelHandler - IN /[0:0:0:0:0:0:0:1]:58399: {"type":"LOGIN","payload":{"token":"iWHCdDyKZPNa5sqLM76LLC5xCrl60HYx"},"callback":"a24c002c-ae74-4a41-b456-5a0ad91458c7"}
00:29:17.876 DEBUG SimpleChannelHandler - OUT /[0:0:0:0:0:0:0:1]:58399: {"type":"LOGIN","payload":{"id":"5fc40ea4-4a5b-47b0-b4c6-aeb1151ae78a","name":"c"},"callback":"a24c002c-ae74-4a41-b456-5a0ad91458c7"}
00:29:17.903 DEBUG SimpleChannelHandler - IN /[0:0:0:0:0:0:0:1]:58399: {"type":"PARTY_JOIN","payload":{"party":"AVI3IHF"},"callback":"10c79770-34fc-462f-9c48-5bfa15711c09"}
00:29:17.903 DEBUG SimpleChannelHandler - OUT /[0:0:0:0:0:0:0:1]:58399: {"type":"PARTY_JOIN","payload":{"id":"AVI3IHF","settings":{"visible":true,"player_limit":10,"score_limit":5,"timer_duration_multiplier":1},"players":[{"id":"fb284f62-57c6-4712-882d-465e5041fbae","name":"a"},{"id":"76d722b6-7118-49eb-999b-9110a2f88c70","name":"b"},{"id":"5fc40ea4-4a5b-47b0-b4c6-aeb1151ae78a","name":"c"}]},"callback":"10c79770-34fc-462f-9c48-5bfa15711c09"}
00:29:17.904 DEBUG SimpleChannelHandler - OUT /[0:0:0:0:0:0:0:1]:50717: {"type":"PARTY_UPDATE","payload":{"id":"AVI3IHF","settings":{"visible":true,"player_limit":10,"score_limit":5,"timer_duration_multiplier":1},"players":[{"id":"fb284f62-57c6-4712-882d-465e5041fbae","name":"a"},{"id":"76d722b6-7118-49eb-999b-9110a2f88c70","name":"b"},{"id":"5fc40ea4-4a5b-47b0-b4c6-aeb1151ae78a","name":"c"}]}}
00:29:17.905 DEBUG SimpleChannelHandler - OUT /[0:0:0:0:0:0:0:1]:50775: {"type":"PARTY_UPDATE","payload":{"id":"AVI3IHF","settings":{"visible":true,"player_limit":10,"score_limit":5,"timer_duration_multiplier":1},"players":[{"id":"fb284f62-57c6-4712-882d-465e5041fbae","name":"a"},{"id":"76d722b6-7118-49eb-999b-9110a2f88c70","name":"b"},{"id":"5fc40ea4-4a5b-47b0-b4c6-aeb1151ae78a","name":"c"}]}}
00:29:17.905 DEBUG SimpleChannelHandler - OUT /[0:0:0:0:0:0:0:1]:58399: {"type":"PARTY_UPDATE","payload":{"id":"AVI3IHF","settings":{"visible":true,"player_limit":10,"score_limit":5,"timer_duration_multiplier":1},"players":[{"id":"fb284f62-57c6-4712-882d-465e5041fbae","name":"a"},{"id":"76d722b6-7118-49eb-999b-9110a2f88c70","name":"b"},{"id":"5fc40ea4-4a5b-47b0-b4c6-aeb1151ae78a","name":"c"}]}}
00:29:19.362 DEBUG SimpleChannelHandler - IN /[0:0:0:0:0:0:0:1]:50717: {"type":"PARTY_CHANGE_SETTINGS","payload":{"visible":true,"player_limit":10,"score_limit":5,"timer_duration_multiplier":1}}
00:29:19.363 DEBUG SimpleChannelHandler - OUT /[0:0:0:0:0:0:0:1]:50717: {"type":"PARTY_UPDATE_SETTINGS","payload":{"visible":true,"player_limit":10,"score_limit":5,"timer_duration_multiplier":1}}
00:29:19.363 DEBUG SimpleChannelHandler - OUT /[0:0:0:0:0:0:0:1]:50775: {"type":"PARTY_UPDATE_SETTINGS","payload":{"visible":true,"player_limit":10,"score_limit":5,"timer_duration_multiplier":1}}
00:29:19.364 DEBUG SimpleChannelHandler - OUT /[0:0:0:0:0:0:0:1]:58399: {"type":"PARTY_UPDATE_SETTINGS","payload":{"visible":true,"player_limit":10,"score_limit":5,"timer_duration_multiplier":1}}
00:29:22.948 DEBUG SimpleChannelHandler - IN /[0:0:0:0:0:0:0:1]:50717: {"type":"PARTY_START_GAME"}
00:29:22.971 DEBUG SimpleChannelHandler - OUT /[0:0:0:0:0:0:0:1]:50717: {"type":"PARTY_UPDATE","payload":{"id":"AVI3IHF","settings":{"visible":true,"player_limit":10,"score_limit":5,"timer_duration_multiplier":1},"players":[{"id":"fb284f62-57c6-4712-882d-465e5041fbae","name":"a"},{"id":"76d722b6-7118-49eb-999b-9110a2f88c70","name":"b"},{"id":"5fc40ea4-4a5b-47b0-b4c6-aeb1151ae78a","name":"c"}],"game":{"round_number":0,"round":{"judge":{"id":"fb284f62-57c6-4712-882d-465e5041fbae","name":"a"},"reward":1,"start_cards":[{"id":"22","type":"BLACK","image":"card022.png"}],"picked_cards":[]},"spectators":[],"participants":{"Player[id=fb284f62-57c6-4712-882d-465e5041fbae, name=a, token=3gfi08rNuC3Yxl5WmfImTWn1YfSzBjX3]":{"score":0,"disconnected":false},"Player[id=5fc40ea4-4a5b-47b0-b4c6-aeb1151ae78a, name=c, token=iWHCdDyKZPNa5sqLM76LLC5xCrl60HYx]":{"score":0,"disconnected":false},"Player[id=76d722b6-7118-49eb-999b-9110a2f88c70, name=b, token=1BRP68jpNOjRQZH0qgMIKoQANQKSA6E4]":{"score":0,"disconnected":false}}}}}
00:29:22.972 DEBUG SimpleChannelHandler - OUT /[0:0:0:0:0:0:0:1]:50775: {"type":"PARTY_UPDATE","payload":{"id":"AVI3IHF","settings":{"visible":true,"player_limit":10,"score_limit":5,"timer_duration_multiplier":1},"players":[{"id":"fb284f62-57c6-4712-882d-465e5041fbae","name":"a"},{"id":"76d722b6-7118-49eb-999b-9110a2f88c70","name":"b"},{"id":"5fc40ea4-4a5b-47b0-b4c6-aeb1151ae78a","name":"c"}],"game":{"round_number":0,"round":{"judge":{"id":"fb284f62-57c6-4712-882d-465e5041fbae","name":"a"},"reward":1,"start_cards":[{"id":"22","type":"BLACK","image":"card022.png"}],"picked_cards":[]},"spectators":[],"participants":{"Player[id=fb284f62-57c6-4712-882d-465e5041fbae, name=a, token=3gfi08rNuC3Yxl5WmfImTWn1YfSzBjX3]":{"score":0,"disconnected":false},"Player[id=5fc40ea4-4a5b-47b0-b4c6-aeb1151ae78a, name=c, token=iWHCdDyKZPNa5sqLM76LLC5xCrl60HYx]":{"score":0,"disconnected":false},"Player[id=76d722b6-7118-49eb-999b-9110a2f88c70, name=b, token=1BRP68jpNOjRQZH0qgMIKoQANQKSA6E4]":{"score":0,"disconnected":false}}}}}
00:29:22.973 DEBUG SimpleChannelHandler - OUT /[0:0:0:0:0:0:0:1]:58399: {"type":"PARTY_UPDATE","payload":{"id":"AVI3IHF","settings":{"visible":true,"player_limit":10,"score_limit":5,"timer_duration_multiplier":1},"players":[{"id":"fb284f62-57c6-4712-882d-465e5041fbae","name":"a"},{"id":"76d722b6-7118-49eb-999b-9110a2f88c70","name":"b"},{"id":"5fc40ea4-4a5b-47b0-b4c6-aeb1151ae78a","name":"c"}],"game":{"round_number":0,"round":{"judge":{"id":"fb284f62-57c6-4712-882d-465e5041fbae","name":"a"},"reward":1,"start_cards":[{"id":"22","type":"BLACK","image":"card022.png"}],"picked_cards":[]},"spectators":[],"participants":{"Player[id=fb284f62-57c6-4712-882d-465e5041fbae, name=a, token=3gfi08rNuC3Yxl5WmfImTWn1YfSzBjX3]":{"score":0,"disconnected":false},"Player[id=5fc40ea4-4a5b-47b0-b4c6-aeb1151ae78a, name=c, token=iWHCdDyKZPNa5sqLM76LLC5xCrl60HYx]":{"score":0,"disconnected":false},"Player[id=76d722b6-7118-49eb-999b-9110a2f88c70, name=b, token=1BRP68jpNOjRQZH0qgMIKoQANQKSA6E4]":{"score":0,"disconnected":false}}}}}
00:29:22.974 DEBUG SimpleChannelHandler - OUT /[0:0:0:0:0:0:0:1]:50717: {"type":"GAME_HAND_UPDATE","payload":[{"id":"1","type":"BLACK","image":"card001.png"},{"id":"2","type":"BLACK","image":"card002.png"},{"id":"3","type":"BLACK","image":"card003.png"},{"id":"4","type":"BLACK","image":"card004.png"},{"id":"5","type":"BLACK","image":"card005.png"},{"id":"6","type":"BLACK","image":"card006.png"},{"id":"7","type":"RED","image":"card007.png"}]}
00:29:22.975 DEBUG SimpleChannelHandler - OUT /[0:0:0:0:0:0:0:1]:58399: {"type":"GAME_HAND_UPDATE","payload":[{"id":"8","type":"BLACK","image":"card008.png"},{"id":"9","type":"BLACK","image":"card009.png"},{"id":"10","type":"BLACK","image":"card010.png"},{"id":"11","type":"BLACK","image":"card011.png"},{"id":"12","type":"BLACK","image":"card012.png"},{"id":"13","type":"BLACK","image":"card013.png"},{"id":"14","type":"BLACK","image":"card014.png"}]}
00:29:22.976 DEBUG SimpleChannelHandler - OUT /[0:0:0:0:0:0:0:1]:50775: {"type":"GAME_HAND_UPDATE","payload":[{"id":"15","type":"BLACK","image":"card015.png"},{"id":"16","type":"RED","image":"card016.png"},{"id":"17","type":"BLACK","image":"card017.png"},{"id":"18","type":"BLACK","image":"card018.png"},{"id":"19","type":"BLACK","image":"card019.png"},{"id":"20","type":"BLACK","image":"card020.png"},{"id":"21","type":"BLACK","image":"card021.png"}]}
